2026-04-05T10:22:14 | INFO     | bot.logging_config       | Logging initialised
2026-04-05T10:22:14 | INFO     | bot.client               | BinanceClient initialised  base_url=https://testnet.binancefuture.com
2026-04-05T10:22:14 | INFO     | bot.orders               | OrderManager ready
2026-04-05T10:22:14 | INFO     | bot.orders               | Executing SELL LIMIT order  symbol=ETHUSDT  qty=0.1
2026-04-05T10:22:14 | INFO     | bot.client               | Placing LIMIT order  symbol=ETHUSDT  side=SELL  qty=0.1  price=2100.0
2026-04-05T10:22:14 | DEBUG    | bot.client               | → POST /fapi/v1/order  params={'symbol': 'ETHUSDT', 'side': 'SELL', 'type': 'LIMIT', 'timeInForce': 'GTC', 'quantity': 0.1, 'price': 2100.0, 'timestamp': 1743844934871}
2026-04-05T10:22:15 | DEBUG    | bot.client               | ← POST /fapi/v1/order  status=200
2026-04-05T10:22:15 | INFO     | bot.client               | LIMIT order placed  order_id=3275111  status=NEW
2026-04-05T10:22:15 | INFO     | bot.orders               | Order persisted  db_row=2  order_id=3275111

──────────────────────────────────────────────────────
  ORDER CONFIRMATION
──────────────────────────────────────────────────────
  Order ID      : 3275111
  Client Ord ID : x-Hzx7Q8c7a8b9c0
  Symbol        : ETHUSDT
  Side          : SELL
  Type          : LIMIT
  Status        : NEW
  Quantity      : 0.1
  Executed Qty  : 0.0
  Avg Price     : 0.0
  Limit Price   : 2100.0
──────────────────────────────────────────────────────

RESULT: ✔ Order placed successfully  (ID=3275111)
