2026-04-05T10:15:01 | INFO     | bot.logging_config       | Logging initialised
2026-04-05T10:15:01 | INFO     | bot.client               | BinanceClient initialised  base_url=https://testnet.binancefuture.com
2026-04-05T10:15:01 | INFO     | bot.orders               | OrderManager ready
2026-04-05T10:15:01 | INFO     | bot.orders               | Executing BUY MARKET order  symbol=BTCUSDT  qty=0.01
2026-04-05T10:15:01 | INFO     | bot.client               | Placing MARKET order  symbol=BTCUSDT  side=BUY  qty=0.01
2026-04-05T10:15:01 | DEBUG    | bot.client               | → POST /fapi/v1/order  params={'symbol': 'BTCUSDT', 'side': 'BUY', 'type': 'MARKET', 'quantity': 0.01, 'timestamp': 1743844501123}
2026-04-05T10:15:01 | DEBUG    | bot.client               | ← POST /fapi/v1/order  status=200
2026-04-05T10:15:01 | INFO     | bot.client               | MARKET order placed  order_id=3274892  status=FILLED  executed_qty=0.01  avg_price=83421.50
2026-04-05T10:15:01 | INFO     | bot.orders               | Order persisted  db_row=1  order_id=3274892

──────────────────────────────────────────────────────
  ORDER CONFIRMATION
──────────────────────────────────────────────────────
  Order ID      : 3274892
  Client Ord ID : x-Hzx7Q8c2f301a4
  Symbol        : BTCUSDT
  Side          : BUY
  Type          : MARKET
  Status        : FILLED
  Quantity      : 0.01
  Executed Qty  : 0.01
  Avg Price     : 83421.50
──────────────────────────────────────────────────────

RESULT: ✔ Order placed successfully  (ID=3274892)
